2015-01-22 03:28:17.435+0000 INFO  [org.neo4j]: No locking implementation specified, defaulting to 'community'
2015-01-22 03:28:17.556+0000 INFO  [org.neo4j]: --- INITIALIZED diagnostics START ---
2015-01-22 03:28:17.558+0000 INFO  [org.neo4j]: Neo4j Kernel properties:
    neostore.propertystore.db.mapped_memory=663M
    neostore.nodestore.db.mapped_memory=184M
    neostore.relationshipstore.db.mapped_memory=812M
    neostore.propertystore.db.strings.mapped_memory=563M
    store_dir=neo4j-db
    neostore.propertystore.db.arrays.mapped_memory=639M
    ephemeral=false
2015-01-22 03:28:17.561+0000 INFO  [org.neo4j]: Diagnostics providers:
    org.neo4j.kernel.configuration.Config
    org.neo4j.kernel.info.DiagnosticsManager
    SYSTEM_MEMORY
    JAVA_MEMORY
    OPERATING_SYSTEM
    JAVA_VIRTUAL_MACHINE
    CLASSPATH
    LIBRARY_PATH
    SYSTEM_PROPERTIES
    NETWORK
2015-01-22 03:28:17.561+0000 INFO  [org.neo4j]: System memory information:
    Total Physical memory: 8.00 GB
    Free Physical memory: 476.28 MB
    Committed virtual memory: 4.63 GB
    Total swap space: 0.00 B
    Free swap space: 0.00 B
2015-01-22 03:28:17.565+0000 INFO  [org.neo4j]: JVM memory information:
    Free  memory: 103.68 MB
    Total memory: 123.00 MB
    Max   memory: 1.78 GB
    Garbage Collector: PS Scavenge: [PS Eden Space, PS Survivor Space]
    Garbage Collector: PS MarkSweep: [PS Eden Space, PS Survivor Space, PS Old Gen, PS Perm Gen]
    Memory Pool: Code Cache (Non-heap memory): committed=2.44 MB, used=523.19 kB, max=48.00 MB, threshold=0.00 B
    Memory Pool: PS Eden Space (Heap memory): committed=33.00 MB, used=19.32 MB, max=673.00 MB, threshold=?
    Memory Pool: PS Survivor Space (Heap memory): committed=5.00 MB, used=0.00 B, max=5.00 MB, threshold=?
    Memory Pool: PS Old Gen (Heap memory): committed=85.00 MB, used=0.00 B, max=1.33 GB, threshold=0.00 B
    Memory Pool: PS Perm Gen (Non-heap memory): committed=21.00 MB, used=6.38 MB, max=82.00 MB, threshold=0.00 B
2015-01-22 03:28:17.570+0000 INFO  [org.neo4j]: Operating system information:
    Operating System: Mac OS X; version: 10.10.1; arch: x86_64; cpus: 4
    Max number of file descriptors: 10240
    Number of open file descriptors: 42
    Process id: 27374@dongguos-MacBook-Pro.local
    Byte order: LITTLE_ENDIAN
    Local timezone: America/New_York
2015-01-22 03:28:17.579+0000 INFO  [org.neo4j]: JVM information:
    VM Name: Java HotSpot(TM) 64-Bit Server VM
    VM Vendor: Oracle Corporation
    VM Version: 24.45-b08
    JIT compiler: HotSpot 64-Bit Tiered Compilers
    VM Arguments: [-Dfile.encoding=UTF-8]
2015-01-22 03:28:17.580+0000 INFO  [org.neo4j]: Java classpath:
     [classpath + loader.0] file:/Users/zzzzddddgtuwup/program/neo4j-community-2.1.6/lib/neo4j-udc-2.1.6.jar
     [classpath + loader.0] file:/Users/zzzzddddgtuwup/program/neo4j-community-2.1.6/lib/server-api-2.1.6.jar
     [classpath + loader.0] file:/Users/zzzzddddgtuwup/program/neo4j-community-2.1.6/lib/parboiled-scala_2.10-1.1.6.jar
     [loader.1] file:/System/Library/Java/Extensions/dns_sd.jar
     [classpath + loader.0] file:/Users/zzzzddddgtuwup/program/neo4j-community-2.1.6/lib/neo4j-kernel-2.1.6.jar
     [loader.1] file:/System/Library/Java/Extensions/MRJToolkit.jar
     [classpath + loader.0] file:/Users/zzzzddddgtuwup/program/neo4j-community-2.1.6/lib/neo4j-graph-algo-2.1.6.jar
     [loader.1] file:/System/Library/Java/Extensions/vecmath.jar
     [loader.1] file:/System/Library/Java/Extensions/libmlib_jai.jnilib
     [classpath + loader.0] file:/Users/zzzzddddgtuwup/program/neo4j-community-2.1.6/lib/neo4j-jmx-2.1.6.jar
     [loader.1] file:/Library/Java/JavaVirtualMachines/jdk1.7.0_45.jdk/Contents/Home/jre/lib/ext/localedata.jar
     [loader.1] file:/Library/Java/JavaVirtualMachines/jdk1.7.0_45.jdk/Contents/Home/jre/lib/ext/sunpkcs11.jar
     [classpath + loader.0] file:/Users/zzzzddddgtuwup/Documents/github/twitterAnalysis/twitterProject/lib/jsoup-1.8.1.jar
     [bootstrap] /Library/Java/JavaVirtualMachines/jdk1.7.0_45.jdk/Contents/Home/jre/classes
     [loader.1] file:/System/Library/Java/Extensions/libJ3D.jnilib
     [loader.1] file:/System/Library/Java/Extensions/mlibwrapper_jai.jar
     [bootstrap] /Library/Java/JavaVirtualMachines/jdk1.7.0_45.jdk/Contents/Home/jre/lib/jfr.jar
     [classpath + loader.0] file:/Users/zzzzddddgtuwup/program/neo4j-community-2.1.6/lib/neo4j-cypher-commons-2.1.6.jar
     [classpath + loader.0] file:/Users/zzzzddddgtuwup/program/neo4j-community-2.1.6/lib/neo4j-cypher-compiler-2.1-2.1.6.jar
     [classpath + loader.0] file:/Users/zzzzddddgtuwup/program/neo4j-community-2.1.6/lib/geronimo-jta_1.1_spec-1.1.1.jar
     [loader.1] file:/System/Library/Java/Extensions/libJ3DAudio.jnilib
     [loader.1] file:/System/Library/Java/Extensions/libAppleScriptEngine.jnilib
     [classpath + loader.0] file:/Users/zzzzddddgtuwup/program/neo4j-community-2.1.6/lib/neo4j-shell-2.1.6.jar
     [bootstrap] /Library/Java/JavaVirtualMachines/jdk1.7.0_45.jdk/Contents/Home/jre/lib/jce.jar
     [bootstrap] /Library/Java/JavaVirtualMachines/jdk1.7.0_45.jdk/Contents/Home/jre/lib/JObjC.jar
     [classpath + loader.0] file:/Users/zzzzddddgtuwup/program/neo4j-community-2.1.6/lib/neo4j-cypher-compiler-1.9-2.0.3.jar
     [loader.1] file:/System/Library/Java/Extensions/j3daudio.jar
     [loader.1] file:/System/Library/Java/Extensions/libJ3DUtils.jnilib
     [classpath + loader.0] file:/Users/zzzzddddgtuwup/program/neo4j-community-2.1.6/lib/parboiled-core-1.1.6.jar
     [loader.1] file:/System/Library/Java/Extensions/j3dcore.jar
     [loader.1] file:/usr/lib/java/libjdns_sd.jnilib
     [classpath + loader.0] file:/Users/zzzzddddgtuwup/program/neo4j-community-2.1.6/lib/neo4j-cypher-compiler-2.0-2.0.3.jar
     [loader.1] file:/Library/Java/JavaVirtualMachines/jdk1.7.0_45.jdk/Contents/Home/jre/lib/ext/zipfs.jar
     [loader.1] file:/System/Library/Java/Extensions/j3dutils.jar
     [classpath + loader.0] file:/Users/zzzzddddgtuwup/program/neo4j-community-2.1.6/lib/concurrentlinkedhashmap-lru-1.3.1.jar
     [classpath + loader.0] file:/Users/zzzzddddgtuwup/program/neo4j-community-2.1.6/lib/neo4j-lucene-index-2.1.6.jar
     [loader.1] file:/System/Library/Java/Extensions/jai_core.jar
     [bootstrap] /Library/Java/JavaVirtualMachines/jdk1.7.0_45.jdk/Contents/Home/jre/lib/resources.jar
     [classpath + loader.0] file:/Users/zzzzddddgtuwup/program/neo4j-community-2.1.6/lib/opencsv-2.3.jar
     [classpath + loader.0] file:/Users/zzzzddddgtuwup/program/neo4j-community-2.1.6/lib/neo4j-cypher-2.1.6.jar
     [loader.1] file:/Library/Java/JavaVirtualMachines/jdk1.7.0_45.jdk/Contents/Home/jre/lib/ext/dnsns.jar
     [loader.1] file:/System/Library/Java/Extensions/jai_codec.jar
     [bootstrap] /Library/Java/JavaVirtualMachines/jdk1.7.0_45.jdk/Contents/Home/jre/lib/jsse.jar
     [bootstrap] /Library/Java/JavaVirtualMachines/jdk1.7.0_45.jdk/Contents/Home/jre/lib/rt.jar
     [bootstrap] /Library/Java/JavaVirtualMachines/jdk1.7.0_45.jdk/Contents/Home/jre/lib/charsets.jar
     [classpath + loader.0] file:/Users/zzzzddddgtuwup/Documents/github/twitterAnalysis/twitterProject/bin/
     [bootstrap] /Library/Java/JavaVirtualMachines/jdk1.7.0_45.jdk/Contents/Home/jre/lib/sunrsasign.jar
     [classpath + loader.0] file:/Users/zzzzddddgtuwup/program/neo4j-community-2.1.6/lib/scala-library-2.10.4.jar
     [loader.1] file:/Library/Java/JavaVirtualMachines/jdk1.7.0_45.jdk/Contents/Home/jre/lib/ext/sunec.jar
     [classpath + loader.0] file:/Users/zzzzddddgtuwup/Documents/github/twitterAnalysis/twitterProject/lib/temboo_java_sdk_2.7.0.jar
     [classpath + loader.0] file:/Users/zzzzddddgtuwup/Documents/github/twitterAnalysis/twitterProject/lib/org.json-20120521.jar
     [classpath + loader.0] file:/Users/zzzzddddgtuwup/program/neo4j-community-2.1.6/lib/neo4j-primitive-collections-2.1.6.jar
     [loader.1] file:/Library/Java/JavaVirtualMachines/jdk1.7.0_45.jdk/Contents/Home/jre/lib/ext/sunjce_provider.jar
     [classpath + loader.0] file:/Users/zzzzddddgtuwup/program/neo4j-community-2.1.6/lib/neo4j-graph-matching-2.1.6.jar
     [classpath + loader.0] file:/Users/zzzzddddgtuwup/program/neo4j-community-2.1.6/lib/org.apache.servicemix.bundles.jline-0.9.94_1.jar
     [classpath + loader.0] file:/Users/zzzzddddgtuwup/program/neo4j-community-2.1.6/lib/lucene-core-3.6.2.jar
     [loader.1] file:/System/Library/Java/Extensions/AppleScriptEngine.jar
2015-01-22 03:28:17.582+0000 INFO  [org.neo4j]: Library path:
    /Users/zzzzddddgtuwup/Library/Java/Extensions
    /Library/Java/Extensions
    /Network/Library/Java/Extensions
    /System/Library/Java/Extensions
    /usr/lib/java
    /Users/zzzzddddgtuwup/Documents/github/twitterAnalysis/twitterProject
2015-01-22 03:28:17.583+0000 INFO  [org.neo4j]: System.properties:
    sun.boot.library.path = /Library/Java/JavaVirtualMachines/jdk1.7.0_45.jdk/Contents/Home/jre/lib
    gopherProxySet = false
    path.separator = :
    file.encoding.pkg = sun.io
    user.country = US
    sun.java.launcher = SUN_STANDARD
    sun.os.patch.level = unknown
    user.dir = /Users/zzzzddddgtuwup/Documents/github/twitterAnalysis/twitterProject
    sun.jnu.encoding = UTF-8
    sun.management.compiler = HotSpot 64-Bit Tiered Compilers
    http.nonProxyHosts = local|*.local|169.254/16|*.169.254/16
    user.home = /Users/zzzzddddgtuwup
    user.timezone = America/New_York
    file.encoding = UTF-8
    user.name = zzzzddddgtuwup
    sun.java.command = parserTest
    sun.arch.data.model = 64
    user.language = en
    awt.toolkit = sun.lwawt.macosx.LWCToolkit
    file.separator = /
    sun.io.unicode.encoding = UnicodeBig
    sun.cpu.endian = little
    socksNonProxyHosts = local|*.local|169.254/16|*.169.254/16
    ftp.nonProxyHosts = local|*.local|169.254/16|*.169.254/16
    sun.cpu.isalist = 
2015-01-22 03:28:17.584+0000 INFO  [org.neo4j]: Network information:
    Interface awdl0:
        address: fe80:0:0:0:f0f6:e8ff:fef0:49c1%9
    Interface en0:
        address: fe80:0:0:0:bae8:56ff:fe30:f364%4
        address: 192.168.0.12
    Interface lo0:
        address: fe80:0:0:0:0:0:0:1%1
        address: 0:0:0:0:0:0:0:1
        address: 127.0.0.1
2015-01-22 03:28:17.588+0000 INFO  [org.neo4j]: --- INITIALIZED diagnostics END ---
2015-01-22 03:28:17.746+0000 INFO  [org.neo4j]: Creating new db @ neo4j-db/neostore
2015-01-22 03:28:17.796+0000 INFO  [org.neo4j]: [neo4j-db/neostore.relationshiptypestore.db.names] brickCount=0 brickSize=0b mappedMem=0b (storeSize=38b)
2015-01-22 03:28:17.797+0000 INFO  [org.neo4j]: [neo4j-db/neostore.relationshiptypestore.db] brickCount=0 brickSize=0b mappedMem=0b (storeSize=0b)
2015-01-22 03:28:17.797+0000 INFO  [org.neo4j]: neo4j-db/neostore.relationshiptypestore.db.names hit=0 miss=0 switches=0 ooe=0
2015-01-22 03:28:17.799+0000 INFO  [org.neo4j]: neo4j-db/neostore.relationshiptypestore.db hit=0 miss=0 switches=0 ooe=0
2015-01-22 03:28:17.802+0000 INFO  [org.neo4j]: [neo4j-db/neostore.labeltokenstore.db.names] brickCount=0 brickSize=0b mappedMem=0b (storeSize=38b)
2015-01-22 03:28:17.803+0000 INFO  [org.neo4j]: [neo4j-db/neostore.labeltokenstore.db] brickCount=0 brickSize=0b mappedMem=0b (storeSize=0b)
2015-01-22 03:28:17.803+0000 INFO  [org.neo4j]: neo4j-db/neostore.labeltokenstore.db.names hit=0 miss=0 switches=0 ooe=0
2015-01-22 03:28:17.804+0000 INFO  [org.neo4j]: neo4j-db/neostore.labeltokenstore.db hit=0 miss=0 switches=0 ooe=0
2015-01-22 03:28:17.810+0000 INFO  [org.neo4j]: [neo4j-db/neostore.relationshiptypestore.db.names] brickCount=0 brickSize=0b mappedMem=0b (storeSize=38b)
2015-01-22 03:28:17.810+0000 INFO  [org.neo4j]: [neo4j-db/neostore.relationshiptypestore.db] brickCount=0 brickSize=0b mappedMem=0b (storeSize=0b)
2015-01-22 03:28:17.811+0000 INFO  [org.neo4j]: [neo4j-db/neostore.labeltokenstore.db.names] brickCount=0 brickSize=0b mappedMem=0b (storeSize=38b)
2015-01-22 03:28:17.811+0000 INFO  [org.neo4j]: [neo4j-db/neostore.labeltokenstore.db] brickCount=0 brickSize=0b mappedMem=0b (storeSize=0b)
2015-01-22 03:28:17.812+0000 INFO  [org.neo4j]: [neo4j-db/neostore.propertystore.db.strings] brickCount=0 brickSize=590336b mappedMem=590348288b (storeSize=128b)
2015-01-22 03:28:17.812+0000 INFO  [org.neo4j]: [neo4j-db/neostore.propertystore.db.index.keys] brickCount=0 brickSize=0b mappedMem=0b (storeSize=38b)
2015-01-22 03:28:17.812+0000 INFO  [org.neo4j]: [neo4j-db/neostore.propertystore.db.index] brickCount=0 brickSize=0b mappedMem=0b (storeSize=0b)
2015-01-22 03:28:17.813+0000 INFO  [org.neo4j]: [neo4j-db/neostore.propertystore.db.arrays] brickCount=0 brickSize=669952b mappedMem=670040064b (storeSize=128b)
2015-01-22 03:28:17.816+0000 INFO  [org.neo4j]: [neo4j-db/neostore.propertystore.db] brickCount=0 brickSize=6952042b mappedMem=695205888b (storeSize=0b)
2015-01-22 03:28:17.839+0000 INFO  [org.neo4j]: [neo4j-db/neostore.relationshipstore.db] brickCount=0 brickSize=8514416b mappedMem=851443712b (storeSize=0b)
2015-01-22 03:28:17.840+0000 INFO  [org.neo4j]: [neo4j-db/neostore.nodestore.db.labels] brickCount=0 brickSize=0b mappedMem=0b (storeSize=68b)
2015-01-22 03:28:17.844+0000 INFO  [org.neo4j]: [neo4j-db/neostore.nodestore.db] brickCount=0 brickSize=1929375b mappedMem=192937984b (storeSize=0b)
2015-01-22 03:28:17.845+0000 INFO  [org.neo4j]: [neo4j-db/neostore.schemastore.db] brickCount=0 brickSize=0b mappedMem=0b (storeSize=64b)
2015-01-22 03:28:17.848+0000 INFO  [org.neo4j]: [neo4j-db/neostore.relationshipgroupstore.db] brickCount=0 brickSize=0b mappedMem=0b (storeSize=25b)
2015-01-22 03:28:17.849+0000 INFO  [org.neo4j]: [neo4j-db/neostore] brickCount=0 brickSize=0b mappedMem=0b (storeSize=0b)
2015-01-22 03:28:17.857+0000 INFO  [org.neo4j]: neo4j-db/neostore.relationshiptypestore.db.names hit=0 miss=0 switches=0 ooe=0
2015-01-22 03:28:17.858+0000 INFO  [org.neo4j]: neo4j-db/neostore.relationshiptypestore.db hit=0 miss=0 switches=0 ooe=0
2015-01-22 03:28:17.859+0000 INFO  [org.neo4j]: neo4j-db/neostore.labeltokenstore.db.names hit=0 miss=0 switches=0 ooe=0
2015-01-22 03:28:17.861+0000 INFO  [org.neo4j]: neo4j-db/neostore.labeltokenstore.db hit=0 miss=0 switches=0 ooe=0
2015-01-22 03:28:17.862+0000 INFO  [org.neo4j]: neo4j-db/neostore.propertystore.db.strings hit=0 miss=0 switches=0 ooe=0
2015-01-22 03:28:17.864+0000 INFO  [org.neo4j]: neo4j-db/neostore.propertystore.db.index.keys hit=0 miss=0 switches=0 ooe=0
2015-01-22 03:28:17.865+0000 INFO  [org.neo4j]: neo4j-db/neostore.propertystore.db.index hit=0 miss=0 switches=0 ooe=0
2015-01-22 03:28:17.866+0000 INFO  [org.neo4j]: neo4j-db/neostore.propertystore.db.arrays hit=0 miss=0 switches=0 ooe=0
2015-01-22 03:28:17.868+0000 INFO  [org.neo4j]: neo4j-db/neostore.propertystore.db hit=0 miss=0 switches=0 ooe=0
2015-01-22 03:28:17.869+0000 INFO  [org.neo4j]: neo4j-db/neostore.relationshipstore.db hit=0 miss=0 switches=0 ooe=0
2015-01-22 03:28:17.870+0000 INFO  [org.neo4j]: neo4j-db/neostore.nodestore.db.labels hit=0 miss=0 switches=0 ooe=0
2015-01-22 03:28:17.872+0000 INFO  [org.neo4j]: neo4j-db/neostore.nodestore.db hit=0 miss=0 switches=0 ooe=0
2015-01-22 03:28:17.874+0000 INFO  [org.neo4j]: neo4j-db/neostore.schemastore.db hit=0 miss=0 switches=0 ooe=0
2015-01-22 03:28:17.875+0000 INFO  [org.neo4j]: neo4j-db/neostore.relationshipgroupstore.db hit=0 miss=0 switches=0 ooe=0
2015-01-22 03:28:17.878+0000 INFO  [org.neo4j]: neo4j-db/neostore hit=0 miss=10 switches=0 ooe=0
2015-01-22 03:28:17.891+0000 INFO  [org.neo4j]: [neo4j-db/neostore.relationshiptypestore.db.names] brickCount=0 brickSize=0b mappedMem=0b (storeSize=38b)
2015-01-22 03:28:17.892+0000 INFO  [org.neo4j]: [neo4j-db/neostore.relationshiptypestore.db] brickCount=0 brickSize=0b mappedMem=0b (storeSize=0b)
2015-01-22 03:28:17.893+0000 INFO  [org.neo4j]: [neo4j-db/neostore.labeltokenstore.db.names] brickCount=0 brickSize=0b mappedMem=0b (storeSize=38b)
2015-01-22 03:28:17.893+0000 INFO  [org.neo4j]: [neo4j-db/neostore.labeltokenstore.db] brickCount=0 brickSize=0b mappedMem=0b (storeSize=0b)
2015-01-22 03:28:17.894+0000 INFO  [org.neo4j]: [neo4j-db/neostore.propertystore.db.strings] brickCount=0 brickSize=590336b mappedMem=590348288b (storeSize=128b)
2015-01-22 03:28:17.895+0000 INFO  [org.neo4j]: [neo4j-db/neostore.propertystore.db.index.keys] brickCount=0 brickSize=0b mappedMem=0b (storeSize=38b)
2015-01-22 03:28:17.895+0000 INFO  [org.neo4j]: [neo4j-db/neostore.propertystore.db.index] brickCount=0 brickSize=0b mappedMem=0b (storeSize=0b)
2015-01-22 03:28:17.896+0000 INFO  [org.neo4j]: [neo4j-db/neostore.propertystore.db.arrays] brickCount=0 brickSize=669952b mappedMem=670040064b (storeSize=128b)
2015-01-22 03:28:17.897+0000 INFO  [org.neo4j]: [neo4j-db/neostore.propertystore.db] brickCount=0 brickSize=6952042b mappedMem=695205888b (storeSize=0b)
2015-01-22 03:28:17.899+0000 INFO  [org.neo4j]: [neo4j-db/neostore.relationshipstore.db] brickCount=0 brickSize=8514416b mappedMem=851443712b (storeSize=0b)
2015-01-22 03:28:17.900+0000 INFO  [org.neo4j]: [neo4j-db/neostore.nodestore.db.labels] brickCount=0 brickSize=0b mappedMem=0b (storeSize=68b)
2015-01-22 03:28:17.900+0000 INFO  [org.neo4j]: [neo4j-db/neostore.nodestore.db] brickCount=0 brickSize=1929375b mappedMem=192937984b (storeSize=0b)
2015-01-22 03:28:17.901+0000 INFO  [org.neo4j]: [neo4j-db/neostore.schemastore.db] brickCount=0 brickSize=0b mappedMem=0b (storeSize=64b)
2015-01-22 03:28:17.902+0000 INFO  [org.neo4j]: [neo4j-db/neostore.relationshipgroupstore.db] brickCount=0 brickSize=0b mappedMem=0b (storeSize=25b)
2015-01-22 03:28:17.903+0000 INFO  [org.neo4j]: [neo4j-db/neostore] brickCount=0 brickSize=0b mappedMem=0b (storeSize=81b)
2015-01-22 03:28:18.018+0000 INFO  [org.neo4j]: No lucene scan store index found, this might just be first use. Preparing to rebuild.
2015-01-22 03:28:18.042+0000 INFO  [org.neo4j]: No lucene scan store index found, this might just be first use. Preparing to rebuild.
2015-01-22 03:28:18.119+0000 INFO  [org.neo4j]: Opened logical log [neo4j-db/nioneo_logical.log.1] version=0, lastTxId=1 (clean)
2015-01-22 03:28:18.130+0000 INFO  [org.neo4j]: Rebuilding lucene scan store, this may take a while
2015-01-22 03:28:18.132+0000 INFO  [org.neo4j]: Lucene scan store rebuilt (roughly -1 nodes)
2015-01-22 03:28:18.135+0000 INFO  [org.neo4j]: TM new log: tm_tx_log.1
2015-01-22 03:28:18.141+0000 INFO  [org.neo4j]: Kernel health set to OK
2015-01-22 03:28:18.159+0000 INFO  [org.neo4j]: Opened logical log [neo4j-db/index/lucene.log.1] version=0, lastTxId=1 (clean)
2015-01-22 03:28:18.165+0000 INFO  [org.neo4j]: --- STARTED diagnostics for KernelDiagnostics:Versions START ---
2015-01-22 03:28:18.165+0000 INFO  [org.neo4j]: Graph Database: org.neo4j.kernel.EmbeddedGraphDatabase StoreId{creationTime=1421897297756, randomId=-14666878864547842, storeVersion=14406081294923270, upgradeTime=1421897297756, upgradeId=-14666878864547842}
2015-01-22 03:28:18.166+0000 INFO  [org.neo4j]: Kernel version: Neo4j - Graph Database Kernel (neo4j-kernel), version: 2.1.6
2015-01-22 03:28:18.166+0000 INFO  [org.neo4j]: Neo4j component versions:
2015-01-22 03:28:18.172+0000 INFO  [org.neo4j]:   Neo4j - Lucene Index (neo4j-lucene-index), version: 2.1.6; revision: 2.1.6:2.1-maint:605/0d7f25fc608f15c54ec1a01f4ba4564ebfb1071a
2015-01-22 03:28:18.173+0000 INFO  [org.neo4j]:   Neo4j - JMX support (neo4j-jmx), version: 2.1.6; revision: 2.1.6:2.1-maint:605/0d7f25fc608f15c54ec1a01f4ba4564ebfb1071a
2015-01-22 03:28:18.173+0000 INFO  [org.neo4j]:   Neo4j - Graph Matching (neo4j-graph-matching), version: 2.1.6; revision: 2.1.6:2.1-maint:605/0d7f25fc608f15c54ec1a01f4ba4564ebfb1071a
2015-01-22 03:28:18.173+0000 INFO  [org.neo4j]:   Neo4j - Cypher Compiler 2.1 (neo4j-cypher-compiler-2.1), version: 2.1.6; revision: 2.1.6:2.1-maint:605/0d7f25fc608f15c54ec1a01f4ba4564ebfb1071a
2015-01-22 03:28:18.173+0000 INFO  [org.neo4j]:   Neo4j Server API (server-api), version: 2.1.6; revision: 2.1.6:2.1-maint:605/0d7f25fc608f15c54ec1a01f4ba4564ebfb1071a
2015-01-22 03:28:18.173+0000 INFO  [org.neo4j]:   Neo4j - Graph Database Kernel (neo4j-kernel), version: 2.1.6; revision: 2.1.6:2.1-maint:605/0d7f25fc608f15c54ec1a01f4ba4564ebfb1071a
2015-01-22 03:28:18.173+0000 INFO  [org.neo4j]:   Neo4j - Cypher (neo4j-cypher), version: 2.1.6; revision: 2.1.6:2.1-maint:605/0d7f25fc608f15c54ec1a01f4ba4564ebfb1071a
2015-01-22 03:28:18.173+0000 INFO  [org.neo4j]:   Neo4j - Graph Algorithms (neo4j-graph-algo), version: 2.1.6; revision: 2.1.6:2.1-maint:605/0d7f25fc608f15c54ec1a01f4ba4564ebfb1071a
2015-01-22 03:28:18.173+0000 INFO  [org.neo4j]:   Neo4j - Cypher Compiler 2.0 (neo4j-cypher-compiler-2.0), version: 2.0.3; revision: 2.0.3:2.0-maint:72/307c563c11b75fdc71cfa6df05daf9b08d6c37dc
2015-01-22 03:28:18.173+0000 INFO  [org.neo4j]:   Neo4j - Generic shell (neo4j-shell), version: 2.1.6; revision: 2.1.6:2.1-maint:605/0d7f25fc608f15c54ec1a01f4ba4564ebfb1071a
2015-01-22 03:28:18.173+0000 INFO  [org.neo4j]:   Neo4j - Cypher Compiler 1.9 (neo4j-cypher-compiler-1.9), version: 2.0.3; revision: 2.0.3:2.0-maint:72/307c563c11b75fdc71cfa6df05daf9b08d6c37dc
2015-01-22 03:28:18.173+0000 INFO  [org.neo4j]:   neo4j-udc, version: 2.1.6; revision: 2.1.6:2.1-maint:605/0d7f25fc608f15c54ec1a01f4ba4564ebfb1071a
2015-01-22 03:28:18.173+0000 INFO  [org.neo4j]:   Neo4j - Cypher Commons (neo4j-cypher-commons), version: 2.1.6; revision: 2.1.6:2.1-maint:605/0d7f25fc608f15c54ec1a01f4ba4564ebfb1071a
2015-01-22 03:28:18.173+0000 INFO  [org.neo4j]: --- STARTED diagnostics for KernelDiagnostics:Versions END ---
2015-01-22 03:28:18.178+0000 INFO  [org.neo4j]: --- STARTED diagnostics for NEO_STORE_VERSIONS START ---
2015-01-22 03:28:18.179+0000 INFO  [org.neo4j]: Store versions:
    Store versions:
      NeoStore v0.A.3
      SchemaStore v0.A.3
      NodeStore v0.A.3
      RelationshipStore v0.A.3
      RelationshipTypeStore v0.A.3
      LabelTokenStore v0.A.3
      PropertyStore v0.A.3
      PropertyIndexStore v0.A.3
      StringPropertyStore v0.A.3
      ArrayPropertyStore v0.A.3
      RelationshipGroupStore v0.A.3
2015-01-22 03:28:18.179+0000 INFO  [org.neo4j]: --- STARTED diagnostics for NEO_STORE_VERSIONS END ---
2015-01-22 03:28:18.179+0000 INFO  [org.neo4j]: --- STARTED diagnostics for NEO_STORE_ID_USAGE START ---
2015-01-22 03:28:18.180+0000 INFO  [org.neo4j]: Id usage:
    Id usage:
      SchemaStore: used=1 high=0
      NodeStore: used=0 high=-1
      RelationshipStore: used=0 high=-1
      RelationshipTypeStore: used=0 high=-1
      LabelTokenStore: used=0 high=-1
      PropertyStore: used=0 high=-1
      PropertyIndexStore: used=0 high=-1
      StringPropertyStore: used=1 high=0
      ArrayPropertyStore: used=1 high=0
      RelationshipGroupStore: used=1 high=0
2015-01-22 03:28:18.181+0000 INFO  [org.neo4j]: --- STARTED diagnostics for NEO_STORE_ID_USAGE END ---
2015-01-22 03:28:18.181+0000 INFO  [org.neo4j]: --- STARTED diagnostics for PERSISTENCE_WINDOW_POOL_STATS START ---
2015-01-22 03:28:18.181+0000 INFO  [org.neo4j]: --- STARTED diagnostics for PERSISTENCE_WINDOW_POOL_STATS END ---
2015-01-22 03:28:18.182+0000 INFO  [org.neo4j]: --- STARTED diagnostics for KernelDiagnostics:StoreFiles START ---
2015-01-22 03:28:18.182+0000 INFO  [org.neo4j]: Disk space on partition (Total / Free / Free %): 120108089344 / 43820277760 / 36
Storage files: (filename : modification date - size)
      active_tx_log: 2015-01-21T22:28:18-0500 - 11.00 B
      index:
        lucene-store.db: 2015-01-21T22:28:18-0500 - 40.00 B
        lucene.log.1: 2015-01-21T22:28:18-0500 - 16.00 B
        lucene.log.active: 2015-01-21T22:28:18-0500 - 4.00 B
      - Total: 2015-01-21T22:28:18-0500 - 60.00 B
      lock: 2015-01-21T22:28:17-0500 - 0.00 B
      messages.log: 2015-01-21T22:28:18-0500 - 22.08 kB
      neostore: 2015-01-21T22:28:17-0500 - 81.00 B
      neostore.id: 2015-01-21T22:28:17-0500 - 9.00 B
      neostore.labeltokenstore.db: 2015-01-21T22:28:17-0500 - 0.00 B
      neostore.labeltokenstore.db.id: 2015-01-21T22:28:17-0500 - 9.00 B
      neostore.labeltokenstore.db.names: 2015-01-21T22:28:17-0500 - 38.00 B
      neostore.labeltokenstore.db.names.id: 2015-01-21T22:28:17-0500 - 9.00 B
      neostore.nodestore.db: 2015-01-21T22:28:17-0500 - 0.00 B
      neostore.nodestore.db.id: 2015-01-21T22:28:17-0500 - 9.00 B
      neostore.nodestore.db.labels: 2015-01-21T22:28:17-0500 - 68.00 B
      neostore.nodestore.db.labels.id: 2015-01-21T22:28:17-0500 - 9.00 B
      neostore.propertystore.db: 2015-01-21T22:28:17-0500 - 0.00 B
      neostore.propertystore.db.arrays: 2015-01-21T22:28:17-0500 - 128.00 B
      neostore.propertystore.db.arrays.id: 2015-01-21T22:28:17-0500 - 9.00 B
      neostore.propertystore.db.id: 2015-01-21T22:28:17-0500 - 9.00 B
      neostore.propertystore.db.index: 2015-01-21T22:28:17-0500 - 0.00 B
      neostore.propertystore.db.index.id: 2015-01-21T22:28:17-0500 - 9.00 B
      neostore.propertystore.db.index.keys: 2015-01-21T22:28:17-0500 - 38.00 B
      neostore.propertystore.db.index.keys.id: 2015-01-21T22:28:17-0500 - 9.00 B
      neostore.propertystore.db.strings: 2015-01-21T22:28:17-0500 - 128.00 B
      neostore.propertystore.db.strings.id: 2015-01-21T22:28:17-0500 - 9.00 B
      neostore.relationshipgroupstore.db: 2015-01-21T22:28:17-0500 - 25.00 B
      neostore.relationshipgroupstore.db.id: 2015-01-21T22:28:17-0500 - 9.00 B
      neostore.relationshipstore.db: 2015-01-21T22:28:17-0500 - 0.00 B
      neostore.relationshipstore.db.id: 2015-01-21T22:28:17-0500 - 9.00 B
      neostore.relationshiptypestore.db: 2015-01-21T22:28:17-0500 - 0.00 B
      neostore.relationshiptypestore.db.id: 2015-01-21T22:28:17-0500 - 9.00 B
      neostore.relationshiptypestore.db.names: 2015-01-21T22:28:17-0500 - 38.00 B
      neostore.relationshiptypestore.db.names.id: 2015-01-21T22:28:17-0500 - 9.00 B
      neostore.schemastore.db: 2015-01-21T22:28:17-0500 - 64.00 B
      neostore.schemastore.db.id: 2015-01-21T22:28:17-0500 - 9.00 B
      nioneo_logical.log.1: 2015-01-21T22:28:18-0500 - 16.00 B
      nioneo_logical.log.active: 2015-01-21T22:28:18-0500 - 4.00 B
      schema:
        label:
          lucene:
            write.lock: 2015-01-21T22:28:18-0500 - 0.00 B
          - Total: 2015-01-21T22:28:18-0500 - 0.00 B
        - Total: 2015-01-21T22:28:18-0500 - 0.00 B
      - Total: 2015-01-21T22:28:18-0500 - 0.00 B
      store_lock: 2015-01-21T22:28:17-0500 - 0.00 B
      tm_tx_log.1: 2015-01-21T22:28:18-0500 - 0.00 B
2015-01-22 03:28:18.194+0000 INFO  [org.neo4j]: --- STARTED diagnostics for KernelDiagnostics:StoreFiles END ---
2015-01-22 03:28:18.246+0000 INFO  [org.neo4j]: Database is now ready
2015-01-22 03:36:42.419+0000 INFO  [org.neo4j]: Shutdown started
2015-01-22 03:36:42.420+0000 INFO  [org.neo4j]: Database is now unavailable
2015-01-22 03:36:42.426+0000 INFO  [org.neo4j]: Closed log neo4j-db/index/lucene.log
2015-01-22 03:36:42.426+0000 INFO  [org.neo4j]: TM shutting down
2015-01-22 03:36:42.474+0000 INFO  [org.neo4j]: Closed log neo4j-db/nioneo_logical.log
2015-01-22 03:36:42.474+0000 INFO  [org.neo4j]: neo4j-db/neostore.relationshiptypestore.db.names hit=0 miss=0 switches=0 ooe=0
2015-01-22 03:36:42.475+0000 INFO  [org.neo4j]: neo4j-db/neostore.relationshiptypestore.db hit=0 miss=0 switches=0 ooe=0
2015-01-22 03:36:42.476+0000 INFO  [org.neo4j]: neo4j-db/neostore.labeltokenstore.db.names hit=0 miss=0 switches=0 ooe=0
2015-01-22 03:36:42.477+0000 INFO  [org.neo4j]: neo4j-db/neostore.labeltokenstore.db hit=0 miss=0 switches=0 ooe=0
2015-01-22 03:36:42.478+0000 INFO  [org.neo4j]: neo4j-db/neostore.propertystore.db.strings hit=0 miss=0 switches=0 ooe=0
2015-01-22 03:36:42.479+0000 INFO  [org.neo4j]: neo4j-db/neostore.propertystore.db.index.keys hit=0 miss=2 switches=0 ooe=0
2015-01-22 03:36:42.480+0000 INFO  [org.neo4j]: neo4j-db/neostore.propertystore.db.index hit=0 miss=2 switches=0 ooe=0
2015-01-22 03:36:42.480+0000 INFO  [org.neo4j]: neo4j-db/neostore.propertystore.db.arrays hit=0 miss=0 switches=0 ooe=0
2015-01-22 03:36:42.481+0000 INFO  [org.neo4j]: neo4j-db/neostore.propertystore.db hit=10469 miss=0 switches=0 ooe=0
2015-01-22 03:36:42.482+0000 INFO  [org.neo4j]: neo4j-db/neostore.relationshipstore.db hit=0 miss=0 switches=0 ooe=0
2015-01-22 03:36:42.483+0000 INFO  [org.neo4j]: neo4j-db/neostore.nodestore.db.labels hit=0 miss=0 switches=0 ooe=0
2015-01-22 03:36:42.484+0000 INFO  [org.neo4j]: neo4j-db/neostore.nodestore.db hit=9717 miss=0 switches=0 ooe=0
2015-01-22 03:36:42.484+0000 INFO  [org.neo4j]: neo4j-db/neostore.schemastore.db hit=0 miss=0 switches=0 ooe=0
2015-01-22 03:36:42.485+0000 INFO  [org.neo4j]: neo4j-db/neostore.relationshipgroupstore.db hit=0 miss=0 switches=0 ooe=0
2015-01-22 03:36:42.486+0000 INFO  [org.neo4j]: neo4j-db/neostore hit=0 miss=707 switches=0 ooe=0
2015-01-22 03:36:42.487+0000 INFO  [org.neo4j]: NeoStore closed
2015-01-22 03:36:42.487+0000 INFO  [org.neo4j]: --- STOPPING diagnostics START ---
2015-01-22 03:36:42.487+0000 INFO  [org.neo4j]: --- STOPPING diagnostics END ---
2015-01-22 03:37:03.547+0000 INFO  [org.neo4j]: No locking implementation specified, defaulting to 'community'
2015-01-22 03:37:03.660+0000 INFO  [org.neo4j]: --- INITIALIZED diagnostics START ---
2015-01-22 03:37:03.661+0000 INFO  [org.neo4j]: Neo4j Kernel properties:
    neostore.propertystore.db.mapped_memory=663M
    read_only=false
    neostore.nodestore.db.mapped_memory=184M
    neostore.relationshipstore.db.mapped_memory=812M
    neostore.propertystore.db.strings.mapped_memory=563M
    store_dir=/Users/zzzzddddgtuwup/Documents/github/twitterAnalysis/twitterProject/neo4j-db
    neostore.propertystore.db.arrays.mapped_memory=639M
    ephemeral=false
2015-01-22 03:37:03.663+0000 INFO  [org.neo4j]: Diagnostics providers:
    org.neo4j.kernel.configuration.Config
    org.neo4j.kernel.info.DiagnosticsManager
    SYSTEM_MEMORY
    JAVA_MEMORY
    OPERATING_SYSTEM
    JAVA_VIRTUAL_MACHINE
    CLASSPATH
    LIBRARY_PATH
    SYSTEM_PROPERTIES
    NETWORK
2015-01-22 03:37:03.664+0000 INFO  [org.neo4j]: System memory information:
    Total Physical memory: 8.00 GB
    Free Physical memory: 348.16 MB
    Committed virtual memory: 4.63 GB
    Total swap space: 0.00 B
    Free swap space: 0.00 B
2015-01-22 03:37:03.667+0000 INFO  [org.neo4j]: JVM memory information:
    Free  memory: 104.19 MB
    Total memory: 123.00 MB
    Max   memory: 1.78 GB
    Garbage Collector: PS Scavenge: [PS Eden Space, PS Survivor Space]
    Garbage Collector: PS MarkSweep: [PS Eden Space, PS Survivor Space, PS Old Gen, PS Perm Gen]
    Memory Pool: Code Cache (Non-heap memory): committed=2.44 MB, used=522.38 kB, max=48.00 MB, threshold=0.00 B
    Memory Pool: PS Eden Space (Heap memory): committed=33.00 MB, used=18.81 MB, max=673.00 MB, threshold=?
    Memory Pool: PS Survivor Space (Heap memory): committed=5.00 MB, used=0.00 B, max=5.00 MB, threshold=?
    Memory Pool: PS Old Gen (Heap memory): committed=85.00 MB, used=0.00 B, max=1.33 GB, threshold=0.00 B
    Memory Pool: PS Perm Gen (Non-heap memory): committed=21.00 MB, used=6.34 MB, max=82.00 MB, threshold=0.00 B
2015-01-22 03:37:03.671+0000 INFO  [org.neo4j]: Operating system information:
    Operating System: Mac OS X; version: 10.10.1; arch: x86_64; cpus: 4
    Max number of file descriptors: 10240
    Number of open file descriptors: 39
    Process id: 27548@dongguos-MacBook-Pro.local
    Byte order: LITTLE_ENDIAN
    Local timezone: America/New_York
2015-01-22 03:37:04.232+0000 INFO  [org.neo4j]: JVM information:
    VM Name: Java HotSpot(TM) 64-Bit Server VM
    VM Vendor: Oracle Corporation
    VM Version: 24.45-b08
    JIT compiler: HotSpot 64-Bit Tiered Compilers
    VM Arguments: [-Dapp.name=neo4j-shell, -Dapp.pid=27548, -Dapp.repo=/Users/zzzzddddgtuwup/program/neo4j-community-2.1.6/lib, -Dbasedir=/Users/zzzzddddgtuwup/program/neo4j-community-2.1.6, -Dfile.encoding=UTF-8]
2015-01-22 03:37:04.233+0000 INFO  [org.neo4j]: Java classpath:
     [classpath + loader.0] file:/Users/zzzzddddgtuwup/program/neo4j-community-2.1.6/lib/neo4j-udc-2.1.6.jar
     [classpath + loader.0] file:/Users/zzzzddddgtuwup/program/neo4j-community-2.1.6/lib/server-api-2.1.6.jar
     [classpath + loader.0] file:/Users/zzzzddddgtuwup/program/neo4j-community-2.1.6/lib/parboiled-scala_2.10-1.1.6.jar
     [loader.1] file:/System/Library/Java/Extensions/dns_sd.jar
     [classpath + loader.0] file:/Users/zzzzddddgtuwup/program/neo4j-community-2.1.6/lib/neo4j-kernel-2.1.6.jar
     [loader.1] file:/System/Library/Java/Extensions/MRJToolkit.jar
     [classpath + loader.0] file:/Users/zzzzddddgtuwup/program/neo4j-community-2.1.6/lib/neo4j-graph-algo-2.1.6.jar
     [loader.1] file:/System/Library/Java/Extensions/vecmath.jar
     [loader.1] file:/System/Library/Java/Extensions/libmlib_jai.jnilib
     [classpath + loader.0] file:/Users/zzzzddddgtuwup/program/neo4j-community-2.1.6/lib/neo4j-jmx-2.1.6.jar
     [loader.1] file:/Library/Java/JavaVirtualMachines/jdk1.7.0_45.jdk/Contents/Home/jre/lib/ext/localedata.jar
     [loader.1] file:/Library/Java/JavaVirtualMachines/jdk1.7.0_45.jdk/Contents/Home/jre/lib/ext/sunpkcs11.jar
     [bootstrap] /Library/Java/JavaVirtualMachines/jdk1.7.0_45.jdk/Contents/Home/jre/classes
     [loader.1] file:/System/Library/Java/Extensions/libJ3D.jnilib
     [loader.1] file:/System/Library/Java/Extensions/mlibwrapper_jai.jar
     [bootstrap] /Library/Java/JavaVirtualMachines/jdk1.7.0_45.jdk/Contents/Home/jre/lib/jfr.jar
     [classpath + loader.0] file:/Users/zzzzddddgtuwup/program/neo4j-community-2.1.6/lib/neo4j-cypher-commons-2.1.6.jar
     [classpath + loader.0] file:/Users/zzzzddddgtuwup/program/neo4j-community-2.1.6/lib/neo4j-cypher-compiler-2.1-2.1.6.jar
     [classpath + loader.0] file:/Users/zzzzddddgtuwup/program/neo4j-community-2.1.6/lib/geronimo-jta_1.1_spec-1.1.1.jar
     [loader.1] file:/System/Library/Java/Extensions/libAppleScriptEngine.jnilib
     [loader.1] file:/System/Library/Java/Extensions/libJ3DAudio.jnilib
     [classpath + loader.0] file:/Users/zzzzddddgtuwup/program/neo4j-community-2.1.6/lib/neo4j-shell-2.1.6.jar
     [bootstrap] /Library/Java/JavaVirtualMachines/jdk1.7.0_45.jdk/Contents/Home/jre/lib/jce.jar
     [bootstrap] /Library/Java/JavaVirtualMachines/jdk1.7.0_45.jdk/Contents/Home/jre/lib/JObjC.jar
     [classpath + loader.0] file:/Users/zzzzddddgtuwup/program/neo4j-community-2.1.6/lib/neo4j-cypher-compiler-1.9-2.0.3.jar
     [loader.1] file:/System/Library/Java/Extensions/j3daudio.jar
     [loader.1] file:/System/Library/Java/Extensions/libJ3DUtils.jnilib
     [classpath + loader.0] file:/Users/zzzzddddgtuwup/program/neo4j-community-2.1.6/lib/parboiled-core-1.1.6.jar
     [loader.1] file:/System/Library/Java/Extensions/j3dcore.jar
     [loader.1] file:/usr/lib/java/libjdns_sd.jnilib
     [classpath + loader.0] file:/Users/zzzzddddgtuwup/program/neo4j-community-2.1.6/lib/neo4j-cypher-compiler-2.0-2.0.3.jar
     [loader.1] file:/Library/Java/JavaVirtualMachines/jdk1.7.0_45.jdk/Contents/Home/jre/lib/ext/zipfs.jar
     [loader.1] file:/System/Library/Java/Extensions/j3dutils.jar
     [classpath + loader.0] file:/Users/zzzzddddgtuwup/program/neo4j-community-2.1.6/lib/concurrentlinkedhashmap-lru-1.3.1.jar
     [classpath + loader.0] file:/Users/zzzzddddgtuwup/program/neo4j-community-2.1.6/lib/neo4j-lucene-index-2.1.6.jar
     [loader.1] file:/System/Library/Java/Extensions/jai_core.jar
     [bootstrap] /Library/Java/JavaVirtualMachines/jdk1.7.0_45.jdk/Contents/Home/jre/lib/resources.jar
     [classpath + loader.0] file:/Users/zzzzddddgtuwup/program/neo4j-community-2.1.6/lib/opencsv-2.3.jar
     [classpath + loader.0] file:/Users/zzzzddddgtuwup/program/neo4j-community-2.1.6/lib/neo4j-cypher-2.1.6.jar
     [loader.1] file:/Library/Java/JavaVirtualMachines/jdk1.7.0_45.jdk/Contents/Home/jre/lib/ext/dnsns.jar
     [loader.1] file:/System/Library/Java/Extensions/jai_codec.jar
     [bootstrap] /Library/Java/JavaVirtualMachines/jdk1.7.0_45.jdk/Contents/Home/jre/lib/jsse.jar
     [bootstrap] /Library/Java/JavaVirtualMachines/jdk1.7.0_45.jdk/Contents/Home/jre/lib/rt.jar
     [bootstrap] /Library/Java/JavaVirtualMachines/jdk1.7.0_45.jdk/Contents/Home/jre/lib/charsets.jar
     [bootstrap] /Library/Java/JavaVirtualMachines/jdk1.7.0_45.jdk/Contents/Home/jre/lib/sunrsasign.jar
     [classpath + loader.0] file:/Users/zzzzddddgtuwup/program/neo4j-community-2.1.6/lib/scala-library-2.10.4.jar
     [loader.1] file:/Library/Java/JavaVirtualMachines/jdk1.7.0_45.jdk/Contents/Home/jre/lib/ext/sunec.jar
     [classpath + loader.0] file:/Users/zzzzddddgtuwup/program/neo4j-community-2.1.6/lib/neo4j-primitive-collections-2.1.6.jar
     [loader.1] file:/Library/Java/JavaVirtualMachines/jdk1.7.0_45.jdk/Contents/Home/jre/lib/ext/sunjce_provider.jar
     [classpath + loader.0] file:/Users/zzzzddddgtuwup/program/neo4j-community-2.1.6/lib/neo4j-graph-matching-2.1.6.jar
     [classpath + loader.0] file:/Users/zzzzddddgtuwup/program/neo4j-community-2.1.6/lib/org.apache.servicemix.bundles.jline-0.9.94_1.jar
     [classpath + loader.0] file:/Users/zzzzddddgtuwup/program/neo4j-community-2.1.6/bin/
     [classpath + loader.0] file:/Users/zzzzddddgtuwup/program/neo4j-community-2.1.6/lib/lucene-core-3.6.2.jar
     [loader.1] file:/System/Library/Java/Extensions/AppleScriptEngine.jar
2015-01-22 03:37:04.235+0000 INFO  [org.neo4j]: Library path:
    /Users/zzzzddddgtuwup/Library/Java/Extensions
    /Library/Java/Extensions
    /Network/Library/Java/Extensions
    /System/Library/Java/Extensions
    /usr/lib/java
    /Users/zzzzddddgtuwup/program/neo4j-community-2.1.6/bin
2015-01-22 03:37:04.236+0000 INFO  [org.neo4j]: System.properties:
    sun.boot.library.path = /Library/Java/JavaVirtualMachines/jdk1.7.0_45.jdk/Contents/Home/jre/lib
    gopherProxySet = false
    path.separator = :
    file.encoding.pkg = sun.io
    user.country = US
    sun.java.launcher = SUN_STANDARD
    sun.os.patch.level = unknown
    user.dir = /Users/zzzzddddgtuwup/program/neo4j-community-2.1.6/bin
    basedir = /Users/zzzzddddgtuwup/program/neo4j-community-2.1.6
    app.name = neo4j-shell
    sun.jnu.encoding = UTF-8
    app.repo = /Users/zzzzddddgtuwup/program/neo4j-community-2.1.6/lib
    sun.management.compiler = HotSpot 64-Bit Tiered Compilers
    http.nonProxyHosts = local|*.local|169.254/16|*.169.254/16
    user.home = /Users/zzzzddddgtuwup
    user.timezone = America/New_York
    file.encoding = UTF-8
    user.name = zzzzddddgtuwup
    sun.java.command = org.neo4j.shell.StartClient -path /Users/zzzzddddgtuwup/Documents/github/twitterAnalysis/twitterProject/neo4j-db
    sun.arch.data.model = 64
    user.language = en
    awt.toolkit = sun.lwawt.macosx.LWCToolkit
    file.separator = /
    sun.io.unicode.encoding = UnicodeBig
    sun.cpu.endian = little
    socksNonProxyHosts = local|*.local|169.254/16|*.169.254/16
    app.pid = 27548
    ftp.nonProxyHosts = local|*.local|169.254/16|*.169.254/16
    sun.cpu.isalist = 
2015-01-22 03:37:04.237+0000 INFO  [org.neo4j]: Network information:
    Interface awdl0:
        address: fe80:0:0:0:f0f6:e8ff:fef0:49c1%9
    Interface en0:
        address: fe80:0:0:0:bae8:56ff:fe30:f364%4
        address: 192.168.0.12
    Interface lo0:
        address: fe80:0:0:0:0:0:0:1%1
        address: 0:0:0:0:0:0:0:1
        address: 127.0.0.1
2015-01-22 03:37:04.240+0000 INFO  [org.neo4j]: --- INITIALIZED diagnostics END ---
2015-01-22 03:37:04.416+0000 INFO  [org.neo4j]: [/Users/zzzzddddgtuwup/Documents/github/twitterAnalysis/twitterProject/neo4j-db/neostore.relationshiptypestore.db.names] brickCount=0 brickSize=0b mappedMem=0b (storeSize=38b)
2015-01-22 03:37:04.417+0000 INFO  [org.neo4j]: [/Users/zzzzddddgtuwup/Documents/github/twitterAnalysis/twitterProject/neo4j-db/neostore.relationshiptypestore.db] brickCount=0 brickSize=0b mappedMem=0b (storeSize=0b)
2015-01-22 03:37:04.417+0000 INFO  [org.neo4j]: [/Users/zzzzddddgtuwup/Documents/github/twitterAnalysis/twitterProject/neo4j-db/neostore.labeltokenstore.db.names] brickCount=0 brickSize=0b mappedMem=0b (storeSize=38b)
2015-01-22 03:37:04.418+0000 INFO  [org.neo4j]: [/Users/zzzzddddgtuwup/Documents/github/twitterAnalysis/twitterProject/neo4j-db/neostore.labeltokenstore.db] brickCount=0 brickSize=0b mappedMem=0b (storeSize=0b)
2015-01-22 03:37:04.419+0000 INFO  [org.neo4j]: [/Users/zzzzddddgtuwup/Documents/github/twitterAnalysis/twitterProject/neo4j-db/neostore.propertystore.db.strings] brickCount=0 brickSize=590336b mappedMem=590348288b (storeSize=128b)
2015-01-22 03:37:04.419+0000 INFO  [org.neo4j]: [/Users/zzzzddddgtuwup/Documents/github/twitterAnalysis/twitterProject/neo4j-db/neostore.propertystore.db.index.keys] brickCount=0 brickSize=0b mappedMem=0b (storeSize=114b)
2015-01-22 03:37:04.420+0000 INFO  [org.neo4j]: [/Users/zzzzddddgtuwup/Documents/github/twitterAnalysis/twitterProject/neo4j-db/neostore.propertystore.db.index] brickCount=0 brickSize=0b mappedMem=0b (storeSize=18b)
2015-01-22 03:37:04.422+0000 INFO  [org.neo4j]: [/Users/zzzzddddgtuwup/Documents/github/twitterAnalysis/twitterProject/neo4j-db/neostore.propertystore.db.arrays] brickCount=0 brickSize=669952b mappedMem=670040064b (storeSize=128b)
2015-01-22 03:37:04.436+0000 INFO  [org.neo4j]: [/Users/zzzzddddgtuwup/Documents/github/twitterAnalysis/twitterProject/neo4j-db/neostore.propertystore.db] brickCount=0 brickSize=695196b mappedMem=695205888b (storeSize=429229b)
2015-01-22 03:37:04.438+0000 INFO  [org.neo4j]: [/Users/zzzzddddgtuwup/Documents/github/twitterAnalysis/twitterProject/neo4j-db/neostore.relationshipstore.db] brickCount=0 brickSize=8514416b mappedMem=851443712b (storeSize=0b)
2015-01-22 03:37:04.439+0000 INFO  [org.neo4j]: [/Users/zzzzddddgtuwup/Documents/github/twitterAnalysis/twitterProject/neo4j-db/neostore.nodestore.db.labels] brickCount=0 brickSize=0b mappedMem=0b (storeSize=68b)
2015-01-22 03:37:04.440+0000 INFO  [org.neo4j]: [/Users/zzzzddddgtuwup/Documents/github/twitterAnalysis/twitterProject/neo4j-db/neostore.nodestore.db] brickCount=0 brickSize=192930b mappedMem=192937984b (storeSize=145755b)
2015-01-22 03:37:04.441+0000 INFO  [org.neo4j]: [/Users/zzzzddddgtuwup/Documents/github/twitterAnalysis/twitterProject/neo4j-db/neostore.schemastore.db] brickCount=0 brickSize=0b mappedMem=0b (storeSize=64b)
2015-01-22 03:37:04.443+0000 INFO  [org.neo4j]: [/Users/zzzzddddgtuwup/Documents/github/twitterAnalysis/twitterProject/neo4j-db/neostore.relationshipgroupstore.db] brickCount=0 brickSize=0b mappedMem=0b (storeSize=25b)
2015-01-22 03:37:04.443+0000 INFO  [org.neo4j]: [/Users/zzzzddddgtuwup/Documents/github/twitterAnalysis/twitterProject/neo4j-db/neostore] brickCount=0 brickSize=0b mappedMem=0b (storeSize=81b)
2015-01-22 03:37:04.642+0000 INFO  [org.neo4j]: Opened logical log [/Users/zzzzddddgtuwup/Documents/github/twitterAnalysis/twitterProject/neo4j-db/nioneo_logical.log.1] version=1, lastTxId=687 (clean)
2015-01-22 03:37:04.659+0000 INFO  [org.neo4j]: TM opening log: /Users/zzzzddddgtuwup/Documents/github/twitterAnalysis/twitterProject/neo4j-db/tm_tx_log.1
2015-01-22 03:37:04.665+0000 INFO  [org.neo4j]: Kernel health set to OK
2015-01-22 03:37:04.679+0000 INFO  [org.neo4j]: Opened logical log [/Users/zzzzddddgtuwup/Documents/github/twitterAnalysis/twitterProject/neo4j-db/index/lucene.log.1] version=1, lastTxId=1 (clean)
2015-01-22 03:37:04.689+0000 INFO  [org.neo4j]: --- STARTED diagnostics for KernelDiagnostics:Versions START ---
2015-01-22 03:37:04.689+0000 INFO  [org.neo4j]: Graph Database: org.neo4j.kernel.EmbeddedGraphDatabase StoreId{creationTime=1421897297756, randomId=-14666878864547842, storeVersion=14406081294923270, upgradeTime=1421897297756, upgradeId=-14666878864547842}
2015-01-22 03:37:04.689+0000 INFO  [org.neo4j]: Kernel version: Neo4j - Graph Database Kernel (neo4j-kernel), version: 2.1.6
2015-01-22 03:37:04.689+0000 INFO  [org.neo4j]: Neo4j component versions:
2015-01-22 03:37:04.696+0000 INFO  [org.neo4j]:   Neo4j - Lucene Index (neo4j-lucene-index), version: 2.1.6; revision: 2.1.6:2.1-maint:605/0d7f25fc608f15c54ec1a01f4ba4564ebfb1071a
2015-01-22 03:37:04.696+0000 INFO  [org.neo4j]:   Neo4j - JMX support (neo4j-jmx), version: 2.1.6; revision: 2.1.6:2.1-maint:605/0d7f25fc608f15c54ec1a01f4ba4564ebfb1071a
2015-01-22 03:37:04.696+0000 INFO  [org.neo4j]:   Neo4j - Graph Matching (neo4j-graph-matching), version: 2.1.6; revision: 2.1.6:2.1-maint:605/0d7f25fc608f15c54ec1a01f4ba4564ebfb1071a
2015-01-22 03:37:04.696+0000 INFO  [org.neo4j]:   Neo4j - Cypher Compiler 2.1 (neo4j-cypher-compiler-2.1), version: 2.1.6; revision: 2.1.6:2.1-maint:605/0d7f25fc608f15c54ec1a01f4ba4564ebfb1071a
2015-01-22 03:37:04.696+0000 INFO  [org.neo4j]:   Neo4j Server API (server-api), version: 2.1.6; revision: 2.1.6:2.1-maint:605/0d7f25fc608f15c54ec1a01f4ba4564ebfb1071a
2015-01-22 03:37:04.696+0000 INFO  [org.neo4j]:   Neo4j - Graph Database Kernel (neo4j-kernel), version: 2.1.6; revision: 2.1.6:2.1-maint:605/0d7f25fc608f15c54ec1a01f4ba4564ebfb1071a
2015-01-22 03:37:04.697+0000 INFO  [org.neo4j]:   Neo4j - Cypher (neo4j-cypher), version: 2.1.6; revision: 2.1.6:2.1-maint:605/0d7f25fc608f15c54ec1a01f4ba4564ebfb1071a
2015-01-22 03:37:04.697+0000 INFO  [org.neo4j]:   Neo4j - Graph Algorithms (neo4j-graph-algo), version: 2.1.6; revision: 2.1.6:2.1-maint:605/0d7f25fc608f15c54ec1a01f4ba4564ebfb1071a
2015-01-22 03:37:04.697+0000 INFO  [org.neo4j]:   Neo4j - Cypher Compiler 2.0 (neo4j-cypher-compiler-2.0), version: 2.0.3; revision: 2.0.3:2.0-maint:72/307c563c11b75fdc71cfa6df05daf9b08d6c37dc
2015-01-22 03:37:04.697+0000 INFO  [org.neo4j]:   Neo4j - Generic shell (neo4j-shell), version: 2.1.6; revision: 2.1.6:2.1-maint:605/0d7f25fc608f15c54ec1a01f4ba4564ebfb1071a
2015-01-22 03:37:04.697+0000 INFO  [org.neo4j]:   Neo4j - Cypher Compiler 1.9 (neo4j-cypher-compiler-1.9), version: 2.0.3; revision: 2.0.3:2.0-maint:72/307c563c11b75fdc71cfa6df05daf9b08d6c37dc
2015-01-22 03:37:04.697+0000 INFO  [org.neo4j]:   neo4j-udc, version: 2.1.6; revision: 2.1.6:2.1-maint:605/0d7f25fc608f15c54ec1a01f4ba4564ebfb1071a
2015-01-22 03:37:04.697+0000 INFO  [org.neo4j]:   Neo4j - Cypher Commons (neo4j-cypher-commons), version: 2.1.6; revision: 2.1.6:2.1-maint:605/0d7f25fc608f15c54ec1a01f4ba4564ebfb1071a
2015-01-22 03:37:04.697+0000 INFO  [org.neo4j]: --- STARTED diagnostics for KernelDiagnostics:Versions END ---
2015-01-22 03:37:04.699+0000 INFO  [org.neo4j]: --- STARTED diagnostics for NEO_STORE_VERSIONS START ---
2015-01-22 03:37:04.700+0000 INFO  [org.neo4j]: Store versions:
    Store versions:
      NeoStore v0.A.3
      SchemaStore v0.A.3
      NodeStore v0.A.3
      RelationshipStore v0.A.3
      RelationshipTypeStore v0.A.3
      LabelTokenStore v0.A.3
      PropertyStore v0.A.3
      PropertyIndexStore v0.A.3
      StringPropertyStore v0.A.3
      ArrayPropertyStore v0.A.3
      RelationshipGroupStore v0.A.3
2015-01-22 03:37:04.700+0000 INFO  [org.neo4j]: --- STARTED diagnostics for NEO_STORE_VERSIONS END ---
2015-01-22 03:37:04.700+0000 INFO  [org.neo4j]: --- STARTED diagnostics for NEO_STORE_ID_USAGE START ---
2015-01-22 03:37:04.700+0000 INFO  [org.neo4j]: Id usage:
    Id usage:
      SchemaStore: used=1 high=0
      NodeStore: used=9717 high=9716
      RelationshipStore: used=0 high=-1
      RelationshipTypeStore: used=0 high=-1
      LabelTokenStore: used=0 high=-1
      PropertyStore: used=10469 high=10468
      PropertyIndexStore: used=2 high=1
      StringPropertyStore: used=1 high=0
      ArrayPropertyStore: used=1 high=0
      RelationshipGroupStore: used=1 high=0
2015-01-22 03:37:04.701+0000 INFO  [org.neo4j]: --- STARTED diagnostics for NEO_STORE_ID_USAGE END ---
2015-01-22 03:37:04.701+0000 INFO  [org.neo4j]: --- STARTED diagnostics for PERSISTENCE_WINDOW_POOL_STATS START ---
2015-01-22 03:37:04.701+0000 INFO  [org.neo4j]: --- STARTED diagnostics for PERSISTENCE_WINDOW_POOL_STATS END ---
2015-01-22 03:37:04.702+0000 INFO  [org.neo4j]: --- STARTED diagnostics for KernelDiagnostics:StoreFiles START ---
2015-01-22 03:37:04.702+0000 INFO  [org.neo4j]: Disk space on partition (Total / Free / Free %): 120108089344 / 43818754048 / 36
Storage files: (filename : modification date - size)
      active_tx_log: 2015-01-21T22:36:28-0500 - 11.00 B
      index:
        lucene-store.db: 2015-01-21T22:36:42-0500 - 40.00 B
        lucene.log.1: 2015-01-21T22:37:04-0500 - 16.00 B
        lucene.log.active: 2015-01-21T22:37:04-0500 - 4.00 B
        lucene.log.v0: 2015-01-21T22:36:42-0500 - 16.00 B
      - Total: 2015-01-21T22:37:04-0500 - 76.00 B
      lock: 2015-01-21T22:37:04-0500 - 0.00 B
      messages.log: 2015-01-21T22:37:04-0500 - 46.19 kB
      neostore: 2015-01-21T22:37:04-0500 - 81.00 B
      neostore.id: 2015-01-21T22:37:04-0500 - 9.00 B
      neostore.labeltokenstore.db: 2015-01-21T22:37:04-0500 - 0.00 B
      neostore.labeltokenstore.db.id: 2015-01-21T22:37:04-0500 - 9.00 B
      neostore.labeltokenstore.db.names: 2015-01-21T22:37:04-0500 - 38.00 B
      neostore.labeltokenstore.db.names.id: 2015-01-21T22:37:04-0500 - 9.00 B
      neostore.nodestore.db: 2015-01-21T22:37:04-0500 - 142.34 kB
      neostore.nodestore.db.id: 2015-01-21T22:37:04-0500 - 9.00 B
      neostore.nodestore.db.labels: 2015-01-21T22:37:04-0500 - 68.00 B
      neostore.nodestore.db.labels.id: 2015-01-21T22:37:04-0500 - 9.00 B
      neostore.propertystore.db: 2015-01-21T22:37:04-0500 - 419.17 kB
      neostore.propertystore.db.arrays: 2015-01-21T22:37:04-0500 - 128.00 B
      neostore.propertystore.db.arrays.id: 2015-01-21T22:37:04-0500 - 9.00 B
      neostore.propertystore.db.id: 2015-01-21T22:37:04-0500 - 9.00 B
      neostore.propertystore.db.index: 2015-01-21T22:37:04-0500 - 18.00 B
      neostore.propertystore.db.index.id: 2015-01-21T22:37:04-0500 - 9.00 B
      neostore.propertystore.db.index.keys: 2015-01-21T22:37:04-0500 - 114.00 B
      neostore.propertystore.db.index.keys.id: 2015-01-21T22:37:04-0500 - 9.00 B
      neostore.propertystore.db.strings: 2015-01-21T22:37:04-0500 - 128.00 B
      neostore.propertystore.db.strings.id: 2015-01-21T22:37:04-0500 - 9.00 B
      neostore.relationshipgroupstore.db: 2015-01-21T22:37:04-0500 - 25.00 B
      neostore.relationshipgroupstore.db.id: 2015-01-21T22:37:04-0500 - 9.00 B
      neostore.relationshipstore.db: 2015-01-21T22:37:04-0500 - 0.00 B
      neostore.relationshipstore.db.id: 2015-01-21T22:37:04-0500 - 9.00 B
      neostore.relationshiptypestore.db: 2015-01-21T22:37:04-0500 - 0.00 B
      neostore.relationshiptypestore.db.id: 2015-01-21T22:37:04-0500 - 9.00 B
      neostore.relationshiptypestore.db.names: 2015-01-21T22:37:04-0500 - 38.00 B
      neostore.relationshiptypestore.db.names.id: 2015-01-21T22:37:04-0500 - 9.00 B
      neostore.schemastore.db: 2015-01-21T22:37:04-0500 - 64.00 B
      neostore.schemastore.db.id: 2015-01-21T22:37:04-0500 - 9.00 B
      nioneo_logical.log.1: 2015-01-21T22:37:04-0500 - 16.00 B
      nioneo_logical.log.active: 2015-01-21T22:37:04-0500 - 4.00 B
      nioneo_logical.log.v0: 2015-01-21T22:36:42-0500 - 1.63 MB
      schema:
        label:
          lucene:
            segments.gen: 2015-01-21T22:36:42-0500 - 20.00 B
            segments_1: 2015-01-21T22:36:42-0500 - 32.00 B
            write.lock: 2015-01-21T22:37:04-0500 - 0.00 B
          - Total: 2015-01-21T22:37:04-0500 - 52.00 B
        - Total: 2015-01-21T22:28:18-0500 - 52.00 B
      - Total: 2015-01-21T22:28:18-0500 - 52.00 B
      store_lock: 2015-01-21T22:28:17-0500 - 0.00 B
      tm_tx_log.1: 2015-01-21T22:37:04-0500 - 0.00 B
      tm_tx_log.2: 2015-01-21T22:36:28-0500 - 32.59 kB
2015-01-22 03:37:04.713+0000 INFO  [org.neo4j]: --- STARTED diagnostics for KernelDiagnostics:StoreFiles END ---
2015-01-22 03:37:04.764+0000 INFO  [org.neo4j]: Database is now ready
2015-01-22 05:45:43.297+0000 INFO  [org.neo4j]: Shutdown started
2015-01-22 05:45:43.306+0000 INFO  [org.neo4j]: Database is now unavailable
2015-01-22 05:45:43.317+0000 INFO  [org.neo4j]: Closed log /Users/zzzzddddgtuwup/Documents/github/twitterAnalysis/twitterProject/neo4j-db/index/lucene.log
2015-01-22 05:45:43.319+0000 INFO  [org.neo4j]: TM shutting down
2015-01-22 05:45:43.333+0000 INFO  [org.neo4j]: Closed log /Users/zzzzddddgtuwup/Documents/github/twitterAnalysis/twitterProject/neo4j-db/nioneo_logical.log
2015-01-22 05:45:43.334+0000 INFO  [org.neo4j]: /Users/zzzzddddgtuwup/Documents/github/twitterAnalysis/twitterProject/neo4j-db/neostore.relationshiptypestore.db.names hit=0 miss=0 switches=0 ooe=0
2015-01-22 05:45:43.336+0000 INFO  [org.neo4j]: /Users/zzzzddddgtuwup/Documents/github/twitterAnalysis/twitterProject/neo4j-db/neostore.relationshiptypestore.db hit=0 miss=0 switches=0 ooe=0
2015-01-22 05:45:43.337+0000 INFO  [org.neo4j]: /Users/zzzzddddgtuwup/Documents/github/twitterAnalysis/twitterProject/neo4j-db/neostore.labeltokenstore.db.names hit=0 miss=0 switches=0 ooe=0
2015-01-22 05:45:43.338+0000 INFO  [org.neo4j]: /Users/zzzzddddgtuwup/Documents/github/twitterAnalysis/twitterProject/neo4j-db/neostore.labeltokenstore.db hit=0 miss=0 switches=0 ooe=0
2015-01-22 05:45:43.338+0000 INFO  [org.neo4j]: /Users/zzzzddddgtuwup/Documents/github/twitterAnalysis/twitterProject/neo4j-db/neostore.propertystore.db.strings hit=0 miss=0 switches=0 ooe=0
2015-01-22 05:45:43.340+0000 INFO  [org.neo4j]: /Users/zzzzddddgtuwup/Documents/github/twitterAnalysis/twitterProject/neo4j-db/neostore.propertystore.db.index.keys hit=0 miss=4 switches=0 ooe=0
2015-01-22 05:45:43.341+0000 INFO  [org.neo4j]: /Users/zzzzddddgtuwup/Documents/github/twitterAnalysis/twitterProject/neo4j-db/neostore.propertystore.db.index hit=0 miss=2 switches=0 ooe=0
2015-01-22 05:45:43.341+0000 INFO  [org.neo4j]: /Users/zzzzddddgtuwup/Documents/github/twitterAnalysis/twitterProject/neo4j-db/neostore.propertystore.db.arrays hit=0 miss=0 switches=0 ooe=0
2015-01-22 05:45:43.343+0000 INFO  [org.neo4j]: /Users/zzzzddddgtuwup/Documents/github/twitterAnalysis/twitterProject/neo4j-db/neostore.propertystore.db hit=10469 miss=0 switches=0 ooe=0
2015-01-22 05:45:43.345+0000 INFO  [org.neo4j]: /Users/zzzzddddgtuwup/Documents/github/twitterAnalysis/twitterProject/neo4j-db/neostore.relationshipstore.db hit=0 miss=0 switches=0 ooe=0
2015-01-22 05:45:43.345+0000 INFO  [org.neo4j]: /Users/zzzzddddgtuwup/Documents/github/twitterAnalysis/twitterProject/neo4j-db/neostore.nodestore.db.labels hit=0 miss=0 switches=0 ooe=0
2015-01-22 05:45:43.347+0000 INFO  [org.neo4j]: /Users/zzzzddddgtuwup/Documents/github/twitterAnalysis/twitterProject/neo4j-db/neostore.nodestore.db hit=19434 miss=0 switches=0 ooe=0
2015-01-22 05:45:43.348+0000 INFO  [org.neo4j]: /Users/zzzzddddgtuwup/Documents/github/twitterAnalysis/twitterProject/neo4j-db/neostore.schemastore.db hit=0 miss=0 switches=0 ooe=0
2015-01-22 05:45:43.349+0000 INFO  [org.neo4j]: /Users/zzzzddddgtuwup/Documents/github/twitterAnalysis/twitterProject/neo4j-db/neostore.relationshipgroupstore.db hit=0 miss=0 switches=0 ooe=0
2015-01-22 05:45:43.351+0000 INFO  [org.neo4j]: /Users/zzzzddddgtuwup/Documents/github/twitterAnalysis/twitterProject/neo4j-db/neostore hit=0 miss=20 switches=0 ooe=0
2015-01-22 05:45:43.352+0000 INFO  [org.neo4j]: NeoStore closed
2015-01-22 05:45:43.352+0000 INFO  [org.neo4j]: --- STOPPING diagnostics START ---
2015-01-22 05:45:43.352+0000 INFO  [org.neo4j]: --- STOPPING diagnostics END ---
